<?xml version="1.0" encoding="UTF-8"?>
<!-- Generated by org.testng.reporters.JUnitXMLReporter -->
<testsuite ignored="0" hostname="DESKTOP-HCVDGHA" failures="0" tests="3" name="Default test" time="195.878" errors="0" timestamp="2022-07-28T18:59:08 IST">
  <testcase classname="Test.BaseClass" name="sampleTest" time="3.009"/>
  <testcase classname="Test.ValidLoginTest" name="LoginTest" time="53.591"/>
  <testcase classname="Test.Refund" name="Refundmethod" time="131.829"/>
</testsuite> <!-- Default test -->
