<?xml version="1.0" encoding="UTF-8"?>
<!-- Generated by org.testng.reporters.JUnitXMLReporter -->
<testsuite ignored="0" hostname="DESKTOP-FD4DE75" failures="0" tests="4" name="Test" time="81.005" errors="0" timestamp="2022-07-22T17:53:36 IST">
  <testcase classname="tests.Baseclass" name="Login" time="21.72"/>
  <testcase classname="tests.Login" name="LogInfo" time="33.196"/>
  <testcase classname="tests.Billing" name="Addcustomer" time="11.678"/>
  <testcase classname="tests.Billing" name="Addcust" time="14.312"/>
</testsuite> <!-- Test -->
