<?xml version="1.0" encoding="UTF-8"?>
<!-- Generated by org.testng.reporters.JUnitXMLReporter -->
<testsuite ignored="0" hostname="DESKTOP-HCVDGHA" failures="1" tests="2" name="Surefire test" time="5.059" errors="0" timestamp="2022-07-07T17:05:56 IST">
  <testcase classname="Test.BaseClass" name="sampleTest" time="0.002"/>
  <testcase classname="Test.LoginTest" name="testone" time="0.0">
    <failure type="java.lang.NullPointerException" message="Cannot invoke &amp;quot;io.appium.java_client.android.AndroidDriver.findElement(org.openqa.selenium.By)&amp;quot; because &amp;quot;this.driver&amp;quot; is null">
      <![CDATA[java.lang.NullPointerException: Cannot invoke "io.appium.java_client.android.AndroidDriver.findElement(org.openqa.selenium.By)" because "this.driver" is null
at Test.LoginTest.testone(LoginTest.java:11)
at java.base/java.util.ArrayList.forEach(ArrayList.java:1511)
... Removed 32 stack frames]]>
    </failure>
  </testcase> <!-- testone -->
</testsuite> <!-- Surefire test -->
