<?xml version="1.0" encoding="UTF-8"?>
<testng-results ignored="0" total="3" passed="2" failed="1" skipped="0">
  <reporter-output>
    <line>
      <![CDATA[I am in Mpos Test]]>
    </line>
    <line>
      <![CDATA[Username entered]]>
    </line>
    <line>
      <![CDATA[password entered]]>
    </line>
    <line>
      <![CDATA[Login button clicked]]>
    </line>
    <line>
      <![CDATA[Valid login details entered]]>
    </line>
    <line>
      <![CDATA[Login page opened successfully]]>
    </line>
    <line>
      <![CDATA[Home Page Displayed Successfully]]>
    </line>
    <line>
      <![CDATA[Billing UI Displayed Successful]]>
    </line>
  </reporter-output>
  <suite started-at="2022-07-26T10:26:01 IST" name="Default suite" finished-at="2022-07-26T10:26:48 IST" duration-ms="47143">
    <groups>
    </groups>
    <test started-at="2022-07-26T10:26:01 IST" name="Default test" finished-at="2022-07-26T10:26:48 IST" duration-ms="47143">
      <class name="Test.WholeSalePriceChangeTest">
        <test-method is-config="true" signature="setup()[pri:0, instance:Test.WholeSalePriceChangeTest@712625fd]" started-at="2022-07-26T10:26:01 IST" name="setup" finished-at="2022-07-26T10:26:09 IST" duration-ms="8105" status="PASS">
          <reporter-output>
          </reporter-output>
        </test-method> <!-- setup -->
        <test-method signature="sampleTest()[pri:0, instance:Test.WholeSalePriceChangeTest@712625fd]" started-at="2022-07-26T10:26:09 IST" name="sampleTest" finished-at="2022-07-26T10:26:12 IST" duration-ms="3010" status="PASS">
          <reporter-output>
            <line>
              <![CDATA[I am in Mpos Test]]>
            </line>
          </reporter-output>
        </test-method> <!-- sampleTest -->
        <test-method signature="LoginTest()[pri:1, instance:Test.WholeSalePriceChangeTest@712625fd]" started-at="2022-07-26T10:26:12 IST" name="LoginTest" finished-at="2022-07-26T10:26:37 IST" duration-ms="24586" status="PASS">
          <reporter-output>
            <line>
              <![CDATA[Username entered]]>
            </line>
            <line>
              <![CDATA[password entered]]>
            </line>
            <line>
              <![CDATA[Login button clicked]]>
            </line>
            <line>
              <![CDATA[Valid login details entered]]>
            </line>
            <line>
              <![CDATA[Login page opened successfully]]>
            </line>
            <line>
              <![CDATA[Home Page Displayed Successfully]]>
            </line>
          </reporter-output>
        </test-method> <!-- LoginTest -->
        <test-method signature="Wholesaleprice()[pri:11, instance:Test.WholeSalePriceChangeTest@712625fd]" started-at="2022-07-26T10:26:37 IST" name="Wholesaleprice" finished-at="2022-07-26T10:26:48 IST" duration-ms="11387" status="FAIL">
          <exception class="org.openqa.selenium.NoSuchElementException">
            <message>
              <![CDATA[An element could not be located on the page using the given search parameters.
For documentation on this error, please visit: https://selenium.dev/exceptions/#no_such_element
Build info: version: '4.3.0', revision: 'a4995e2c09*'
System info: host: 'DESKTOP-HCVDGHA', ip: '192.168.0.134', os.name: 'Windows 11', os.arch: 'amd64', os.version: '10.0', java.version: '17.0.3'
Driver info: io.appium.java_client.android.AndroidDriver
Command: [43e9df8f-9b68-406c-9eee-f13bf8afbc02, findElement {using=id, value=com.ns.mpos.nukkadshops:id/fragment_cart_relative_layout_customer_details}]
Capabilities {appium:app: D:\Notes\NSPOS\src\mPOS_3_.apk, appium:appPackage: com.ns.mpos.nukkadshops, appium:automationName: uiautomator2, appium:databaseEnabled: false, appium:desired: {app: D:\Notes\NSPOS\src\mPOS_3_.apk, automationName: uiautomator2, deviceName: manoj123, platformName: android}, appium:deviceApiLevel: 31, appium:deviceManufacturer: Google, appium:deviceModel: sdk_gphone64_x86_64, appium:deviceName: emulator-5554, appium:deviceScreenDensity: 560, appium:deviceScreenSize: 1440x2560, appium:deviceUDID: emulator-5554, appium:javascriptEnabled: true, appium:locationContextEnabled: false, appium:networkConnectionEnabled: true, appium:pixelRatio: 3.5, appium:platformVersion: 12, appium:statBarHeight: 84, appium:takesScreenshot: true, appium:viewportRect: {height: 2308, left: 0, top: 84, width: 1440}, appium:warnings: {}, appium:webStorageEnabled: false, platformName: ANDROID}
Session ID: 43e9df8f-9b68-406c-9eee-f13bf8afbc02]]>
            </message>
            <full-stacktrace>
              <![CDATA[org.openqa.selenium.NoSuchElementException: An element could not be located on the page using the given search parameters.
For documentation on this error, please visit: https://selenium.dev/exceptions/#no_such_element
Build info: version: '4.3.0', revision: 'a4995e2c09*'
System info: host: 'DESKTOP-HCVDGHA', ip: '192.168.0.134', os.name: 'Windows 11', os.arch: 'amd64', os.version: '10.0', java.version: '17.0.3'
Driver info: io.appium.java_client.android.AndroidDriver
Command: [43e9df8f-9b68-406c-9eee-f13bf8afbc02, findElement {using=id, value=com.ns.mpos.nukkadshops:id/fragment_cart_relative_layout_customer_details}]
Capabilities {appium:app: D:\Notes\NSPOS\src\mPOS_3_.apk, appium:appPackage: com.ns.mpos.nukkadshops, appium:automationName: uiautomator2, appium:databaseEnabled: false, appium:desired: {app: D:\Notes\NSPOS\src\mPOS_3_.apk, automationName: uiautomator2, deviceName: manoj123, platformName: android}, appium:deviceApiLevel: 31, appium:deviceManufacturer: Google, appium:deviceModel: sdk_gphone64_x86_64, appium:deviceName: emulator-5554, appium:deviceScreenDensity: 560, appium:deviceScreenSize: 1440x2560, appium:deviceUDID: emulator-5554, appium:javascriptEnabled: true, appium:locationContextEnabled: false, appium:networkConnectionEnabled: true, appium:pixelRatio: 3.5, appium:platformVersion: 12, appium:statBarHeight: 84, appium:takesScreenshot: true, appium:viewportRect: {height: 2308, left: 0, top: 84, width: 1440}, appium:warnings: {}, appium:webStorageEnabled: false, platformName: ANDROID}
Session ID: 43e9df8f-9b68-406c-9eee-f13bf8afbc02
at java.base/jdk.internal.reflect.NativeConstructorAccessorImpl.newInstance0(Native Method)
at java.base/jdk.internal.reflect.NativeConstructorAccessorImpl.newInstance(NativeConstructorAccessorImpl.java:77)
at java.base/jdk.internal.reflect.DelegatingConstructorAccessorImpl.newInstance(DelegatingConstructorAccessorImpl.java:45)
at java.base/java.lang.reflect.Constructor.newInstanceWithCaller(Constructor.java:499)
at java.base/java.lang.reflect.Constructor.newInstance(Constructor.java:480)
at org.openqa.selenium.remote.codec.w3c.W3CHttpResponseCodec.createException(W3CHttpResponseCodec.java:200)
at org.openqa.selenium.remote.codec.w3c.W3CHttpResponseCodec.decode(W3CHttpResponseCodec.java:133)
at org.openqa.selenium.remote.codec.w3c.W3CHttpResponseCodec.decode(W3CHttpResponseCodec.java:53)
at org.openqa.selenium.remote.HttpCommandExecutor.execute(HttpCommandExecutor.java:184)
at io.appium.java_client.remote.AppiumCommandExecutor.execute(AppiumCommandExecutor.java:180)
at org.openqa.selenium.remote.RemoteWebDriver.execute(RemoteWebDriver.java:569)
at org.openqa.selenium.remote.ElementLocation$ElementFinder$2.findElement(ElementLocation.java:162)
at org.openqa.selenium.remote.ElementLocation.findElement(ElementLocation.java:60)
at org.openqa.selenium.remote.RemoteWebDriver.findElement(RemoteWebDriver.java:387)
at org.openqa.selenium.remote.RemoteWebDriver.findElement(RemoteWebDriver.java:379)
at org.openqa.selenium.support.pagefactory.DefaultElementLocator.findElement(DefaultElementLocator.java:70)
at org.openqa.selenium.support.pagefactory.internal.LocatingElementHandler.invoke(LocatingElementHandler.java:39)
at jdk.proxy2/jdk.proxy2.$Proxy14.click(Unknown Source)
at PageObjects.AddNewCustomerPage.AddCustomerbtn(AddNewCustomerPage.java:37)
at PageObjects.AddNewCustomerPage.AddNewCustomer(AddNewCustomerPage.java:57)
at Test.WholeSalePriceChangeTest.Wholesaleprice(WholeSalePriceChangeTest.java:34)
at java.base/jdk.internal.reflect.NativeMethodAccessorImpl.invoke0(Native Method)
at java.base/jdk.internal.reflect.NativeMethodAccessorImpl.invoke(NativeMethodAccessorImpl.java:77)
at java.base/jdk.internal.reflect.DelegatingMethodAccessorImpl.invoke(DelegatingMethodAccessorImpl.java:43)
at java.base/java.lang.reflect.Method.invoke(Method.java:568)
at org.testng.internal.invokers.MethodInvocationHelper.invokeMethod(MethodInvocationHelper.java:139)
at org.testng.internal.invokers.TestInvoker.invokeMethod(TestInvoker.java:677)
at org.testng.internal.invokers.TestInvoker.invokeTestMethod(TestInvoker.java:221)
at org.testng.internal.invokers.MethodRunner.runInSequence(MethodRunner.java:50)
at org.testng.internal.invokers.TestInvoker$MethodInvocationAgent.invoke(TestInvoker.java:962)
at org.testng.internal.invokers.TestInvoker.invokeTestMethods(TestInvoker.java:194)
at org.testng.internal.invokers.TestMethodWorker.invokeTestMethods(TestMethodWorker.java:148)
at org.testng.internal.invokers.TestMethodWorker.run(TestMethodWorker.java:128)
at java.base/java.util.ArrayList.forEach(ArrayList.java:1511)
at org.testng.TestRunner.privateRun(TestRunner.java:806)
at org.testng.TestRunner.run(TestRunner.java:601)
at org.testng.SuiteRunner.runTest(SuiteRunner.java:433)
at org.testng.SuiteRunner.runSequentially(SuiteRunner.java:427)
at org.testng.SuiteRunner.privateRun(SuiteRunner.java:387)
at org.testng.SuiteRunner.run(SuiteRunner.java:330)
at org.testng.SuiteRunnerWorker.runSuite(SuiteRunnerWorker.java:52)
at org.testng.SuiteRunnerWorker.run(SuiteRunnerWorker.java:95)
at org.testng.TestNG.runSuitesSequentially(TestNG.java:1256)
at org.testng.TestNG.runSuitesLocally(TestNG.java:1176)
at org.testng.TestNG.runSuites(TestNG.java:1099)
at org.testng.TestNG.run(TestNG.java:1067)
at org.testng.remote.AbstractRemoteTestNG.run(AbstractRemoteTestNG.java:115)
at org.testng.remote.RemoteTestNG.initAndRun(RemoteTestNG.java:251)
at org.testng.remote.RemoteTestNG.main(RemoteTestNG.java:77)
]]>
            </full-stacktrace>
          </exception> <!-- org.openqa.selenium.NoSuchElementException -->
          <reporter-output>
            <line>
              <![CDATA[Billing UI Displayed Successful]]>
            </line>
          </reporter-output>
        </test-method> <!-- Wholesaleprice -->
      </class> <!-- Test.WholeSalePriceChangeTest -->
    </test> <!-- Default test -->
  </suite> <!-- Default suite -->
</testng-results>
