<?xml version="1.0" encoding="UTF-8"?>
<testng-results ignored="0" total="3" passed="3" failed="0" skipped="0">
  <reporter-output>
    <line>
      <![CDATA[I am in Mpos Test]]>
    </line>
    <line>
      <![CDATA[Username entered]]>
    </line>
    <line>
      <![CDATA[password entered]]>
    </line>
    <line>
      <![CDATA[Login button clicked]]>
    </line>
    <line>
      <![CDATA[Valid login details entered]]>
    </line>
    <line>
      <![CDATA[Login page opened successfully]]>
    </line>
    <line>
      <![CDATA[Home Page Displayed Successfully]]>
    </line>
    <line>
      <![CDATA[Home]]>
    </line>
  </reporter-output>
  <suite started-at="2022-07-28T18:55:52 IST" name="Default suite" finished-at="2022-07-28T18:59:08 IST" duration-ms="195878">
    <groups>
    </groups>
    <test started-at="2022-07-28T18:55:52 IST" name="Default test" finished-at="2022-07-28T18:59:08 IST" duration-ms="195878">
      <class name="Test.Refund">
        <test-method is-config="true" signature="setup()[pri:0, instance:Test.Refund@712625fd]" started-at="2022-07-28T18:55:52 IST" name="setup" finished-at="2022-07-28T18:56:00 IST" duration-ms="7398" status="PASS">
          <reporter-output>
          </reporter-output>
        </test-method> <!-- setup -->
        <test-method signature="sampleTest()[pri:0, instance:Test.Refund@712625fd]" started-at="2022-07-28T18:56:00 IST" name="sampleTest" finished-at="2022-07-28T18:56:03 IST" duration-ms="3009" status="PASS">
          <reporter-output>
            <line>
              <![CDATA[I am in Mpos Test]]>
            </line>
          </reporter-output>
        </test-method> <!-- sampleTest -->
        <test-method signature="LoginTest()[pri:1, instance:Test.Refund@712625fd]" started-at="2022-07-28T18:56:03 IST" name="LoginTest" finished-at="2022-07-28T18:56:56 IST" duration-ms="53591" status="PASS">
          <reporter-output>
            <line>
              <![CDATA[Username entered]]>
            </line>
            <line>
              <![CDATA[password entered]]>
            </line>
            <line>
              <![CDATA[Login button clicked]]>
            </line>
            <line>
              <![CDATA[Valid login details entered]]>
            </line>
            <line>
              <![CDATA[Login page opened successfully]]>
            </line>
            <line>
              <![CDATA[Home Page Displayed Successfully]]>
            </line>
            <line>
              <![CDATA[Home]]>
            </line>
          </reporter-output>
        </test-method> <!-- LoginTest -->
        <test-method signature="Refundmethod()[pri:13, instance:Test.Refund@712625fd]" started-at="2022-07-28T18:56:56 IST" name="Refundmethod" finished-at="2022-07-28T18:59:08 IST" duration-ms="131829" status="PASS">
          <reporter-output>
          </reporter-output>
        </test-method> <!-- Refundmethod -->
      </class> <!-- Test.Refund -->
    </test> <!-- Default test -->
  </suite> <!-- Default suite -->
</testng-results>
