<?xml version="1.0" encoding="UTF-8"?>
<testng-results ignored="0" total="1" passed="1" failed="0" skipped="0">
  <reporter-output>
  </reporter-output>
  <suite started-at="2022-07-07T17:05:56 IST" name="Surefire suite" finished-at="2022-07-07T17:05:56 IST" duration-ms="30">
    <groups>
    </groups>
    <test started-at="2022-07-07T17:05:56 IST" name="Surefire test" finished-at="2022-07-07T17:05:56 IST" duration-ms="30">
      <class name="AppiumTest.NSPOS.AppTest">
        <test-method signature="shouldAnswerWithTrue()" started-at="2022-07-07T17:05:56 IST" name="shouldAnswerWithTrue" finished-at="2022-07-07T17:05:56 IST" duration-ms="3" status="PASS">
          <reporter-output>
          </reporter-output>
        </test-method> <!-- shouldAnswerWithTrue -->
      </class> <!-- AppiumTest.NSPOS.AppTest -->
    </test> <!-- Surefire test -->
  </suite> <!-- Surefire suite -->
</testng-results>
